;  LST file generated by mikroListExporter - v.2.0 
; Date/Time: 07/07/2022 11:06:00 pm
;----------------------------------------------

;Address Opcode 	ASM
0x0000	0x284A      	GOTO       74
_UART1_Data_Ready:
;__Lib_UART_c67.c,16 :: 		
;__Lib_UART_c67.c,17 :: 		
0x0003	0x3000      	MOVLW      0
0x0004	0x1283      	BCF        STATUS, 5
0x0005	0x1303      	BCF        STATUS, 6
0x0006	0x1A8C      	BTFSC      PIR1, 5
0x0007	0x3001      	MOVLW      1
0x0008	0x00F0      	MOVWF      R0
;__Lib_UART_c67.c,18 :: 		
L_end_UART1_Data_Ready:
0x0009	0x0008      	RETURN
; end of _UART1_Data_Ready
_UART1_Init:
;__Lib_UART_c67.c,2 :: 		
;__Lib_UART_c67.c,5 :: 		
0x000A	0x1683      	BSF        STATUS, 5
0x000B	0x1303      	BCF        STATUS, 6
0x000C	0x1698      	BSF        TXSTA, 5
;__Lib_UART_c67.c,6 :: 		
0x000D	0x3090      	MOVLW      144
0x000E	0x1283      	BCF        STATUS, 5
0x000F	0x0098      	MOVWF      RCSTA
;__Lib_UART_c67.c,7 :: 		
0x0010	0x1683      	BSF        STATUS, 5
0x0011	0x1787      	BSF        TRISC7_bit, BitPos(TRISC7_bit+0)
;__Lib_UART_c67.c,8 :: 		
0x0012	0x1307      	BCF        TRISC6_bit, BitPos(TRISC6_bit+0)
;__Lib_UART_c67.c,10 :: 		
L_UART1_Init0:
0x0013	0x1283      	BCF        STATUS, 5
0x0014	0x1E8C      	BTFSS      PIR1, 5
0x0015	0x2819      	GOTO       L_UART1_Init1
;__Lib_UART_c67.c,11 :: 		
0x0016	0x081A      	MOVF       RCREG, 0
0x0017	0x00F0      	MOVWF      R0
0x0018	0x2813      	GOTO       L_UART1_Init0
L_UART1_Init1:
;__Lib_UART_c67.c,12 :: 		
L_end_UART1_Init:
0x0019	0x0008      	RETURN
; end of _UART1_Init
_UART1_Read:
;__Lib_UART_c67.c,21 :: 		
;__Lib_UART_c67.c,24 :: 		
0x001A	0x1283      	BCF        STATUS, 5
0x001B	0x1303      	BCF        STATUS, 6
0x001C	0x081A      	MOVF       RCREG, 0
0x001D	0x00F1      	MOVWF      R1
;__Lib_UART_c67.c,25 :: 		
0x001E	0x1C98      	BTFSS      RCSTA, 1
0x001F	0x2822      	GOTO       L_UART1_Read2
;__Lib_UART_c67.c,26 :: 		
0x0020	0x1218      	BCF        RCSTA, 4
;__Lib_UART_c67.c,27 :: 		
0x0021	0x1618      	BSF        RCSTA, 4
;__Lib_UART_c67.c,28 :: 		
L_UART1_Read2:
;__Lib_UART_c67.c,29 :: 		
0x0022	0x0871      	MOVF       R1, 0
0x0023	0x00F0      	MOVWF      R0
;__Lib_UART_c67.c,30 :: 		
L_end_UART1_Read:
0x0024	0x0008      	RETURN
; end of _UART1_Read
_switchRoutine:
;main.c,69 :: 		void switchRoutine(uint8_t* state)
;main.c,71 :: 		switch(*state)
0x0025	0x2834      	GOTO       L_switchRoutine3
;main.c,73 :: 		case 0x00:
L_switchRoutine5:
;main.c,74 :: 		PORTB = 0x35; // 0011 0101
0x0026	0x3035      	MOVLW      53
0x0027	0x1283      	BCF        STATUS, 5
0x0028	0x1303      	BCF        STATUS, 6
0x0029	0x0086      	MOVWF      PORTB
;main.c,75 :: 		break;
0x002A	0x2849      	GOTO       L_switchRoutine4
;main.c,76 :: 		case 0x02:
L_switchRoutine6:
;main.c,77 :: 		PORTB = 0x15; // 0001 0101
0x002B	0x3015      	MOVLW      21
0x002C	0x0086      	MOVWF      PORTB
;main.c,78 :: 		break;
0x002D	0x2849      	GOTO       L_switchRoutine4
;main.c,79 :: 		case 0x04:
L_switchRoutine7:
;main.c,80 :: 		PORTB = 0x25; // 0010 0101
0x002E	0x3025      	MOVLW      37
0x002F	0x0086      	MOVWF      PORTB
;main.c,81 :: 		break;
0x0030	0x2849      	GOTO       L_switchRoutine4
;main.c,82 :: 		default:
L_switchRoutine8:
;main.c,83 :: 		PORTB = 0xC5; // 1100 0101
0x0031	0x30C5      	MOVLW      197
0x0032	0x0086      	MOVWF      PORTB
;main.c,84 :: 		}
0x0033	0x2849      	GOTO       L_switchRoutine4
L_switchRoutine3:
0x0034	0x1283      	BCF        STATUS, 5
0x0035	0x1303      	BCF        STATUS, 6
0x0036	0x0823      	MOVF       FARG_switchRoutine_state, 0
0x0037	0x0084      	MOVWF      FSR
0x0038	0x0800      	MOVF       INDF, 0
0x0039	0x3A00      	XORLW      0
0x003A	0x1903      	BTFSC      STATUS, 2
0x003B	0x2826      	GOTO       L_switchRoutine5
0x003C	0x0823      	MOVF       FARG_switchRoutine_state, 0
0x003D	0x0084      	MOVWF      FSR
0x003E	0x0800      	MOVF       INDF, 0
0x003F	0x3A02      	XORLW      2
0x0040	0x1903      	BTFSC      STATUS, 2
0x0041	0x282B      	GOTO       L_switchRoutine6
0x0042	0x0823      	MOVF       FARG_switchRoutine_state, 0
0x0043	0x0084      	MOVWF      FSR
0x0044	0x0800      	MOVF       INDF, 0
0x0045	0x3A04      	XORLW      4
0x0046	0x1903      	BTFSC      STATUS, 2
0x0047	0x282E      	GOTO       L_switchRoutine7
0x0048	0x2831      	GOTO       L_switchRoutine8
L_switchRoutine4:
;main.c,85 :: 		}
L_end_switchRoutine:
0x0049	0x0008      	RETURN
; end of _switchRoutine
_main:
;main.c,55 :: 		void main() {
;main.c,57 :: 		TRISB = 0x00; // Set the entire PORTB as outputs.
0x004A	0x1683      	BSF        STATUS, 5
0x004B	0x1303      	BCF        STATUS, 6
0x004C	0x0186      	CLRF       TRISB
;main.c,58 :: 		UART1_Init(9600); // Initialize UART communication
0x004D	0x3033      	MOVLW      51
0x004E	0x0099      	MOVWF      SPBRG
0x004F	0x1518      	BSF        TXSTA, 2
0x0050	0x200A      	CALL       _UART1_Init
;main.c,59 :: 		while(1)
L_main0:
;main.c,61 :: 		if(UART1_Data_Ready() == 1)
0x0051	0x2003      	CALL       _UART1_Data_Ready
0x0052	0x0870      	MOVF       R0, 0
0x0053	0x3A01      	XORLW      1
0x0054	0x1D03      	BTFSS      STATUS, 2
0x0055	0x285C      	GOTO       L_main2
;main.c,63 :: 		static uint8_t state = UART1_Read();
0x0056	0x201A      	CALL       _UART1_Read
0x0057	0x0870      	MOVF       R0, 0
0x0058	0x00A2      	MOVWF      main_state_L2
;main.c,64 :: 		switchRoutine(&state);
0x0059	0x3022      	MOVLW      main_state_L2
0x005A	0x00A3      	MOVWF      FARG_switchRoutine_state
0x005B	0x2025      	CALL       _switchRoutine
;main.c,65 :: 		}
L_main2:
;main.c,66 :: 		}
0x005C	0x2851      	GOTO       L_main0
;main.c,67 :: 		}
L_end_main:
0x005D	0x285D      	GOTO       $+0
; end of _main
Symbol List:
//** Routines locations **
//ADDRESS    SIZE    PROCEDURE
//----------------------------------------------
0x0003       [7]    _UART1_Data_Ready
0x000A      [16]    _UART1_Init
0x001A      [11]    _UART1_Read
0x0025      [37]    _switchRoutine
0x004A      [20]    _main
//** Variables locations ** 
//ADDRESS    SIZE    VARIABLE
//----------------------------------------------
0x0000       [1]    INDF
0x0003       [1]    STATUS
0x0004       [1]    FSR
0x0006       [1]    PORTB
0x000A       [1]    PCLATH
0x000C       [1]    PIR1
0x0018       [1]    RCSTA
0x001A       [1]    RCREG
0x0020       [2]    ___DoICPAddr
0x0022       [1]    main_state_L2
0x0023       [1]    FARG_switchRoutine_state
0x0070       [1]    R0
0x0071       [1]    R1
0x0072       [1]    R2
0x0073       [1]    R3
0x0074       [1]    R4
0x0075       [1]    R5
0x0076       [1]    R6
0x0077       [1]    R7
0x0078       [1]    R8
0x0079       [1]    R9
0x007A       [1]    R10
0x007B       [1]    R11
0x007C       [1]    R12
0x007D       [1]    R13
0x007E       [1]    R14
0x007F       [1]    R15
0x0086       [1]    TRISB
0x0087       [0]    TRISC6_bit
0x0087       [0]    TRISC7_bit
0x0098       [1]    TXSTA
0x0099       [1]    SPBRG
