;  LST file generated by mikroListExporter - v.2.0 
; Date/Time: 08/07/2022 1:14:23 am
;----------------------------------------------

;Address Opcode 	ASM
0x0000	0x29B9      	GOTO       441
_Delay_50us:
;__Lib_Delays.c,19 :: 		void Delay_50us() {
;__Lib_Delays.c,20 :: 		Delay_us(50);
0x0003	0x3021      	MOVLW      33
0x0004	0x1283      	BCF        STATUS, 5
0x0005	0x1303      	BCF        STATUS, 6
0x0006	0x00FD      	MOVWF      R13
L_Delay_50us2:
0x0007	0x0BFD      	DECFSZ     R13, 1
0x0008	0x2807      	GOTO       L_Delay_50us2
;__Lib_Delays.c,21 :: 		}
L_end_Delay_50us:
0x0009	0x0008      	RETURN
; end of _Delay_50us
_Delay_5500us:
;__Lib_Delays.c,31 :: 		void Delay_5500us() {
;__Lib_Delays.c,32 :: 		Delay_us(5500);
0x000A	0x300F      	MOVLW      15
0x000B	0x1283      	BCF        STATUS, 5
0x000C	0x1303      	BCF        STATUS, 6
0x000D	0x00FC      	MOVWF      R12
0x000E	0x3047      	MOVLW      71
0x000F	0x00FD      	MOVWF      R13
L_Delay_5500us5:
0x0010	0x0BFD      	DECFSZ     R13, 1
0x0011	0x2810      	GOTO       L_Delay_5500us5
0x0012	0x0BFC      	DECFSZ     R12, 1
0x0013	0x2810      	GOTO       L_Delay_5500us5
0x0014	0x0000      	NOP
0x0015	0x0000      	NOP
;__Lib_Delays.c,33 :: 		}
L_end_Delay_5500us:
0x0016	0x0008      	RETURN
; end of _Delay_5500us
_Delay_1us:
;__Lib_Delays.c,7 :: 		void Delay_1us() {
;__Lib_Delays.c,8 :: 		Delay_us(1);
0x0017	0x0000      	NOP
0x0018	0x0000      	NOP
;__Lib_Delays.c,9 :: 		}
L_end_Delay_1us:
0x0019	0x0008      	RETURN
; end of _Delay_1us
_Lcd_Cmd:
;__Lib_Lcd.c,18 :: 		
;__Lib_Lcd.c,20 :: 		
0x001A	0x1283      	BCF        STATUS, 5
0x001B	0x1303      	BCF        STATUS, 6
0x001C	0x1BD7      	BTFSC      FARG_Lcd_Cmd_out_char, 7
0x001D	0x2820      	GOTO       L__Lcd_Cmd21
0x001E	0x1306      	BCF        LCD_D7, BitPos(LCD_D7+0)
0x001F	0x2821      	GOTO       L__Lcd_Cmd22
L__Lcd_Cmd21:
0x0020	0x1706      	BSF        LCD_D7, BitPos(LCD_D7+0)
L__Lcd_Cmd22:
;__Lib_Lcd.c,21 :: 		
0x0021	0x1B57      	BTFSC      FARG_Lcd_Cmd_out_char, 6
0x0022	0x2825      	GOTO       L__Lcd_Cmd23
0x0023	0x1086      	BCF        LCD_D6, BitPos(LCD_D6+0)
0x0024	0x2826      	GOTO       L__Lcd_Cmd24
L__Lcd_Cmd23:
0x0025	0x1486      	BSF        LCD_D6, BitPos(LCD_D6+0)
L__Lcd_Cmd24:
;__Lib_Lcd.c,22 :: 		
0x0026	0x1AD7      	BTFSC      FARG_Lcd_Cmd_out_char, 5
0x0027	0x282A      	GOTO       L__Lcd_Cmd25
0x0028	0x1106      	BCF        LCD_D5, BitPos(LCD_D5+0)
0x0029	0x282B      	GOTO       L__Lcd_Cmd26
L__Lcd_Cmd25:
0x002A	0x1506      	BSF        LCD_D5, BitPos(LCD_D5+0)
L__Lcd_Cmd26:
;__Lib_Lcd.c,23 :: 		
0x002B	0x1A57      	BTFSC      FARG_Lcd_Cmd_out_char, 4
0x002C	0x282F      	GOTO       L__Lcd_Cmd27
0x002D	0x1186      	BCF        LCD_D4, BitPos(LCD_D4+0)
0x002E	0x2830      	GOTO       L__Lcd_Cmd28
L__Lcd_Cmd27:
0x002F	0x1586      	BSF        LCD_D4, BitPos(LCD_D4+0)
L__Lcd_Cmd28:
;__Lib_Lcd.c,25 :: 		
0x0030	0x184C      	BTFSC      __Lib_Lcd_cmd_status, BitPos(__Lib_Lcd_cmd_status+0)
0x0031	0x2834      	GOTO       L__Lcd_Cmd29
0x0032	0x1606      	BSF        LCD_RS, BitPos(LCD_RS+0)
0x0033	0x2835      	GOTO       L__Lcd_Cmd30
L__Lcd_Cmd29:
0x0034	0x1206      	BCF        LCD_RS, BitPos(LCD_RS+0)
L__Lcd_Cmd30:
;__Lib_Lcd.c,28 :: 		
0x0035	0x1686      	BSF        LCD_EN, BitPos(LCD_EN+0)
;__Lib_Lcd.c,29 :: 		
0x0036	0x2017      	CALL       _Delay_1us
;__Lib_Lcd.c,30 :: 		
0x0037	0x1286      	BCF        LCD_EN, BitPos(LCD_EN+0)
;__Lib_Lcd.c,33 :: 		
0x0038	0x19D7      	BTFSC      FARG_Lcd_Cmd_out_char, 3
0x0039	0x283C      	GOTO       L__Lcd_Cmd31
0x003A	0x1306      	BCF        LCD_D7, BitPos(LCD_D7+0)
0x003B	0x283D      	GOTO       L__Lcd_Cmd32
L__Lcd_Cmd31:
0x003C	0x1706      	BSF        LCD_D7, BitPos(LCD_D7+0)
L__Lcd_Cmd32:
;__Lib_Lcd.c,34 :: 		
0x003D	0x1957      	BTFSC      FARG_Lcd_Cmd_out_char, 2
0x003E	0x2841      	GOTO       L__Lcd_Cmd33
0x003F	0x1086      	BCF        LCD_D6, BitPos(LCD_D6+0)
0x0040	0x2842      	GOTO       L__Lcd_Cmd34
L__Lcd_Cmd33:
0x0041	0x1486      	BSF        LCD_D6, BitPos(LCD_D6+0)
L__Lcd_Cmd34:
;__Lib_Lcd.c,35 :: 		
0x0042	0x18D7      	BTFSC      FARG_Lcd_Cmd_out_char, 1
0x0043	0x2846      	GOTO       L__Lcd_Cmd35
0x0044	0x1106      	BCF        LCD_D5, BitPos(LCD_D5+0)
0x0045	0x2847      	GOTO       L__Lcd_Cmd36
L__Lcd_Cmd35:
0x0046	0x1506      	BSF        LCD_D5, BitPos(LCD_D5+0)
L__Lcd_Cmd36:
;__Lib_Lcd.c,36 :: 		
0x0047	0x1857      	BTFSC      FARG_Lcd_Cmd_out_char, 0
0x0048	0x284B      	GOTO       L__Lcd_Cmd37
0x0049	0x1186      	BCF        LCD_D4, BitPos(LCD_D4+0)
0x004A	0x284C      	GOTO       L__Lcd_Cmd38
L__Lcd_Cmd37:
0x004B	0x1586      	BSF        LCD_D4, BitPos(LCD_D4+0)
L__Lcd_Cmd38:
;__Lib_Lcd.c,38 :: 		
0x004C	0x184C      	BTFSC      __Lib_Lcd_cmd_status, BitPos(__Lib_Lcd_cmd_status+0)
0x004D	0x2850      	GOTO       L__Lcd_Cmd39
0x004E	0x1606      	BSF        LCD_RS, BitPos(LCD_RS+0)
0x004F	0x2851      	GOTO       L__Lcd_Cmd40
L__Lcd_Cmd39:
0x0050	0x1206      	BCF        LCD_RS, BitPos(LCD_RS+0)
L__Lcd_Cmd40:
;__Lib_Lcd.c,40 :: 		
0x0051	0x1686      	BSF        LCD_EN, BitPos(LCD_EN+0)
;__Lib_Lcd.c,41 :: 		
0x0052	0x2017      	CALL       _Delay_1us
;__Lib_Lcd.c,42 :: 		
0x0053	0x1286      	BCF        LCD_EN, BitPos(LCD_EN+0)
;__Lib_Lcd.c,44 :: 		
0x0054	0x1C4C      	BTFSS      __Lib_Lcd_cmd_status, BitPos(__Lib_Lcd_cmd_status+0)
0x0055	0x2858      	GOTO       L_Lcd_Cmd0
;__Lib_Lcd.c,45 :: 		
0x0056	0x200A      	CALL       _Delay_5500us
0x0057	0x2859      	GOTO       L_Lcd_Cmd1
L_Lcd_Cmd0:
;__Lib_Lcd.c,47 :: 		
0x0058	0x2003      	CALL       _Delay_50us
L_Lcd_Cmd1:
;__Lib_Lcd.c,48 :: 		
L_end_Lcd_Cmd:
0x0059	0x0008      	RETURN
; end of _Lcd_Cmd
_Lcd_Chr_CP:
;__Lib_Lcd.c,50 :: 		
;__Lib_Lcd.c,52 :: 		
0x005A	0x1283      	BCF        STATUS, 5
0x005B	0x1303      	BCF        STATUS, 6
0x005C	0x104C      	BCF        __Lib_Lcd_cmd_status, BitPos(__Lib_Lcd_cmd_status+0)
;__Lib_Lcd.c,53 :: 		
0x005D	0x0856      	MOVF       FARG_Lcd_Chr_CP_out_char, 0
0x005E	0x00D7      	MOVWF      FARG_Lcd_Cmd_out_char
0x005F	0x201A      	CALL       _Lcd_Cmd
;__Lib_Lcd.c,54 :: 		
0x0060	0x144C      	BSF        __Lib_Lcd_cmd_status, BitPos(__Lib_Lcd_cmd_status+0)
;__Lib_Lcd.c,55 :: 		
L_end_Lcd_Chr_CP:
0x0061	0x0008      	RETURN
; end of _Lcd_Chr_CP
_Delay_22us:
;__Lib_Delays.c,15 :: 		void Delay_22us() {
;__Lib_Delays.c,16 :: 		Delay_us(22);
0x0062	0x300E      	MOVLW      14
0x0063	0x1283      	BCF        STATUS, 5
0x0064	0x1303      	BCF        STATUS, 6
0x0065	0x00FD      	MOVWF      R13
L_Delay_22us1:
0x0066	0x0BFD      	DECFSZ     R13, 1
0x0067	0x2866      	GOTO       L_Delay_22us1
0x0068	0x0000      	NOP
;__Lib_Delays.c,17 :: 		}
L_end_Delay_22us:
0x0069	0x0008      	RETURN
; end of _Delay_22us
_____DoICP:
;__Lib_System.c,6 :: 		
;__Lib_System.c,9 :: 		
0x006A	0x1283      	BCF        STATUS, 5
0x006B	0x1303      	BCF        STATUS, 6
0x006C	0x0850      	MOVF       ___DoICPAddr+1, 0
0x006D	0x008A      	MOVWF      PCLATH
;__Lib_System.c,10 :: 		
0x006E	0x084F      	MOVF       ___DoICPAddr, 0
0x006F	0x0082      	MOVWF      PCL
;__Lib_System.c,12 :: 		
L_end_____DoICP:
0x0070	0x0008      	RETURN
; end of _____DoICP
_UART1_Write:
;__Lib_UART_c67.c,39 :: 		
;__Lib_UART_c67.c,40 :: 		
L_UART1_Write3:
0x0071	0x1683      	BSF        STATUS, 5
0x0072	0x1303      	BCF        STATUS, 6
0x0073	0x1898      	BTFSC      TXSTA, 1
0x0074	0x2877      	GOTO       L_UART1_Write4
;__Lib_UART_c67.c,41 :: 		
0x0075	0x0000      	NOP
0x0076	0x2871      	GOTO       L_UART1_Write3
L_UART1_Write4:
;__Lib_UART_c67.c,42 :: 		
0x0077	0x1283      	BCF        STATUS, 5
0x0078	0x0852      	MOVF       FARG_UART1_Write_data_, 0
0x0079	0x0099      	MOVWF      TXREG
;__Lib_UART_c67.c,43 :: 		
L_end_UART1_Write:
0x007A	0x0008      	RETURN
; end of _UART1_Write
_ADC_Read:
;__Lib_ADC_A_C.c,68 :: 		
;__Lib_ADC_A_C.c,70 :: 		
0x007B	0x1283      	BCF        STATUS, 5
0x007C	0x1303      	BCF        STATUS, 6
0x007D	0x019F      	CLRF       ADCON0
;__Lib_ADC_A_C.c,71 :: 		
0x007E	0x30C0      	MOVLW      192
0x007F	0x049F      	IORWF      ADCON0, 1
;__Lib_ADC_A_C.c,72 :: 		
0x0080	0x0920      	COMF       _vref_mask, 0
0x0081	0x00F0      	MOVWF      R0
0x0082	0x0870      	MOVF       R0, 0
0x0083	0x1683      	BSF        STATUS, 5
0x0084	0x059F      	ANDWF      ADCON1, 1
;__Lib_ADC_A_C.c,73 :: 		
0x0085	0x171F      	BSF        ADCON1, 6
;__Lib_ADC_A_C.c,74 :: 		
0x0086	0x179F      	BSF        ADCON1, 7
;__Lib_ADC_A_C.c,75 :: 		
0x0087	0x1283      	BCF        STATUS, 5
0x0088	0x0852      	MOVF       FARG_ADC_Read_channel, 0
0x0089	0x00F0      	MOVWF      R0
0x008A	0x0DF0      	RLF        R0, 1
0x008B	0x1070      	BCF        R0, 0
0x008C	0x0DF0      	RLF        R0, 1
0x008D	0x1070      	BCF        R0, 0
0x008E	0x0DF0      	RLF        R0, 1
0x008F	0x1070      	BCF        R0, 0
0x0090	0x0870      	MOVF       R0, 0
0x0091	0x049F      	IORWF      ADCON0, 1
;__Lib_ADC_A_C.c,78 :: 		
0x0092	0x141F      	BSF        ADCON0, 0
;__Lib_ADC_A_C.c,81 :: 		
0x0093	0x2062      	CALL       _Delay_22us
;__Lib_ADC_A_C.c,84 :: 		
0x0094	0x151F      	BSF        ADCON0, 2
;__Lib_ADC_A_C.c,87 :: 		
L_ADC_Read2:
0x0095	0x1D1F      	BTFSS      ADCON0, 2
0x0096	0x2899      	GOTO       L_ADC_Read3
;__Lib_ADC_A_C.c,88 :: 		
0x0097	0x0000      	NOP
0x0098	0x2895      	GOTO       L_ADC_Read2
L_ADC_Read3:
;__Lib_ADC_A_C.c,91 :: 		
0x0099	0x101F      	BCF        ADCON0, 0
;__Lib_ADC_A_C.c,94 :: 		
0x009A	0x081E      	MOVF       ADRESH, 0
0x009B	0x00F1      	MOVWF      R0+1
0x009C	0x01F0      	CLRF       R0
0x009D	0x1683      	BSF        STATUS, 5
0x009E	0x081E      	MOVF       ADRESL, 0
0x009F	0x04F0      	IORWF      R0, 1
0x00A0	0x3000      	MOVLW      0
0x00A1	0x04F1      	IORWF      R0+1, 1
;__Lib_ADC_A_C.c,95 :: 		
L_end_ADC_Read:
0x00A2	0x0008      	RETURN
; end of _ADC_Read
_Lcd_Out:
;__Lib_Lcd.c,184 :: 		
;__Lib_Lcd.c,187 :: 		
0x00A3	0x28B5      	GOTO       L_Lcd_Out11
;__Lib_Lcd.c,188 :: 		
L_Lcd_Out13:
0x00A4	0x3080      	MOVLW      128
0x00A5	0x1283      	BCF        STATUS, 5
0x00A6	0x1303      	BCF        STATUS, 6
0x00A7	0x00D2      	MOVWF      FARG_Lcd_Out_row
0x00A8	0x28C8      	GOTO       L_Lcd_Out12
;__Lib_Lcd.c,189 :: 		
L_Lcd_Out14:
0x00A9	0x30C0      	MOVLW      192
0x00AA	0x00D2      	MOVWF      FARG_Lcd_Out_row
0x00AB	0x28C8      	GOTO       L_Lcd_Out12
;__Lib_Lcd.c,190 :: 		
L_Lcd_Out15:
0x00AC	0x3094      	MOVLW      148
0x00AD	0x00D2      	MOVWF      FARG_Lcd_Out_row
0x00AE	0x28C8      	GOTO       L_Lcd_Out12
;__Lib_Lcd.c,191 :: 		
L_Lcd_Out16:
0x00AF	0x30D4      	MOVLW      212
0x00B0	0x00D2      	MOVWF      FARG_Lcd_Out_row
0x00B1	0x28C8      	GOTO       L_Lcd_Out12
;__Lib_Lcd.c,192 :: 		
L_Lcd_Out17:
0x00B2	0x3080      	MOVLW      128
0x00B3	0x00D2      	MOVWF      FARG_Lcd_Out_row
;__Lib_Lcd.c,193 :: 		
0x00B4	0x28C8      	GOTO       L_Lcd_Out12
L_Lcd_Out11:
0x00B5	0x1283      	BCF        STATUS, 5
0x00B6	0x1303      	BCF        STATUS, 6
0x00B7	0x0852      	MOVF       FARG_Lcd_Out_row, 0
0x00B8	0x3A01      	XORLW      1
0x00B9	0x1903      	BTFSC      STATUS, 2
0x00BA	0x28A4      	GOTO       L_Lcd_Out13
0x00BB	0x0852      	MOVF       FARG_Lcd_Out_row, 0
0x00BC	0x3A02      	XORLW      2
0x00BD	0x1903      	BTFSC      STATUS, 2
0x00BE	0x28A9      	GOTO       L_Lcd_Out14
0x00BF	0x0852      	MOVF       FARG_Lcd_Out_row, 0
0x00C0	0x3A03      	XORLW      3
0x00C1	0x1903      	BTFSC      STATUS, 2
0x00C2	0x28AC      	GOTO       L_Lcd_Out15
0x00C3	0x0852      	MOVF       FARG_Lcd_Out_row, 0
0x00C4	0x3A04      	XORLW      4
0x00C5	0x1903      	BTFSC      STATUS, 2
0x00C6	0x28AF      	GOTO       L_Lcd_Out16
0x00C7	0x28B2      	GOTO       L_Lcd_Out17
L_Lcd_Out12:
;__Lib_Lcd.c,194 :: 		
0x00C8	0x0353      	DECF       FARG_Lcd_Out_column, 0
0x00C9	0x00F0      	MOVWF      R0
0x00CA	0x0852      	MOVF       FARG_Lcd_Out_row, 0
0x00CB	0x07F0      	ADDWF      R0, 1
0x00CC	0x0870      	MOVF       R0, 0
0x00CD	0x00D2      	MOVWF      FARG_Lcd_Out_row
;__Lib_Lcd.c,196 :: 		
0x00CE	0x0870      	MOVF       R0, 0
0x00CF	0x00D7      	MOVWF      FARG_Lcd_Cmd_out_char
0x00D0	0x201A      	CALL       _Lcd_Cmd
;__Lib_Lcd.c,197 :: 		
0x00D1	0x104C      	BCF        __Lib_Lcd_cmd_status, BitPos(__Lib_Lcd_cmd_status+0)
;__Lib_Lcd.c,198 :: 		
0x00D2	0x01D5      	CLRF       Lcd_Out_i_L0
;__Lib_Lcd.c,199 :: 		
L_Lcd_Out18:
0x00D3	0x0855      	MOVF       Lcd_Out_i_L0, 0
0x00D4	0x0754      	ADDWF      FARG_Lcd_Out_text, 0
0x00D5	0x0084      	MOVWF      FSR
0x00D6	0x0800      	MOVF       INDF, 0
0x00D7	0x1903      	BTFSC      STATUS, 2
0x00D8	0x28E1      	GOTO       L_Lcd_Out19
;__Lib_Lcd.c,200 :: 		
0x00D9	0x0855      	MOVF       Lcd_Out_i_L0, 0
0x00DA	0x0754      	ADDWF      FARG_Lcd_Out_text, 0
0x00DB	0x0084      	MOVWF      FSR
0x00DC	0x0800      	MOVF       INDF, 0
0x00DD	0x00D6      	MOVWF      FARG_Lcd_Chr_CP_out_char
0x00DE	0x205A      	CALL       _Lcd_Chr_CP
0x00DF	0x0AD5      	INCF       Lcd_Out_i_L0, 1
0x00E0	0x28D3      	GOTO       L_Lcd_Out18
L_Lcd_Out19:
;__Lib_Lcd.c,201 :: 		
0x00E1	0x144C      	BSF        __Lib_Lcd_cmd_status, BitPos(__Lib_Lcd_cmd_status+0)
;__Lib_Lcd.c,202 :: 		
L_end_Lcd_Out:
0x00E2	0x0008      	RETURN
; end of _Lcd_Out
_objectDetection:
;SensorPIC.c,107 :: 		uint8_t objectDetection(uint8_t* control_signals)
;SensorPIC.c,110 :: 		static int sample = ADC_Read(0);
0x00E3	0x1283      	BCF        STATUS, 5
0x00E4	0x1303      	BCF        STATUS, 6
0x00E5	0x01D2      	CLRF       FARG_ADC_Read_channel
0x00E6	0x207B      	CALL       _ADC_Read
0x00E7	0x0870      	MOVF       R0, 0
0x00E8	0x1283      	BCF        STATUS, 5
0x00E9	0x00CD      	MOVWF      objectDetection_sample_L0
0x00EA	0x0871      	MOVF       R0+1, 0
0x00EB	0x00CE      	MOVWF      objectDetection_sample_L0+1
;SensorPIC.c,111 :: 		LCD_Cmd(_LCD_CLEAR);
0x00EC	0x3001      	MOVLW      1
0x00ED	0x00D7      	MOVWF      FARG_Lcd_Cmd_out_char
0x00EE	0x201A      	CALL       _Lcd_Cmd
;SensorPIC.c,113 :: 		if(sample > 160)
0x00EF	0x3080      	MOVLW      128
0x00F0	0x00F0      	MOVWF      R0
0x00F1	0x3080      	MOVLW      128
0x00F2	0x064E      	XORWF      objectDetection_sample_L0+1, 0
0x00F3	0x0270      	SUBWF      R0, 0
0x00F4	0x1D03      	BTFSS      STATUS, 2
0x00F5	0x28F8      	GOTO       L__objectDetection16
0x00F6	0x084D      	MOVF       objectDetection_sample_L0, 0
0x00F7	0x3CA0      	SUBLW      160
L__objectDetection16:
0x00F8	0x1803      	BTFSC      STATUS, 0
0x00F9	0x2908      	GOTO       L_objectDetection10
;SensorPIC.c,116 :: 		UART1_Write(*(control_signals + 3));
0x00FA	0x3003      	MOVLW      3
0x00FB	0x0751      	ADDWF      FARG_objectDetection_control_signals, 0
0x00FC	0x0084      	MOVWF      FSR
0x00FD	0x0800      	MOVF       INDF, 0
0x00FE	0x00D2      	MOVWF      FARG_UART1_Write_data_
0x00FF	0x2071      	CALL       _UART1_Write
;SensorPIC.c,117 :: 		LCD_Out(2,1, "Object infront");
0x0100	0x3002      	MOVLW      2
0x0101	0x00D2      	MOVWF      FARG_Lcd_Out_row
0x0102	0x3001      	MOVLW      1
0x0103	0x00D3      	MOVWF      FARG_Lcd_Out_column
0x0104	0x3025      	MOVLW      ?lstr2_SensorPIC
0x0105	0x00D4      	MOVWF      FARG_Lcd_Out_text
0x0106	0x20A3      	CALL       _Lcd_Out
;SensorPIC.c,118 :: 		} else
0x0107	0x2914      	GOTO       L_objectDetection11
L_objectDetection10:
;SensorPIC.c,121 :: 		UART1_Write(*(control_signals));
0x0108	0x0851      	MOVF       FARG_objectDetection_control_signals, 0
0x0109	0x0084      	MOVWF      FSR
0x010A	0x0800      	MOVF       INDF, 0
0x010B	0x00D2      	MOVWF      FARG_UART1_Write_data_
0x010C	0x2071      	CALL       _UART1_Write
;SensorPIC.c,122 :: 		LCD_Out(2,1, "Mowing...");
0x010D	0x3002      	MOVLW      2
0x010E	0x00D2      	MOVWF      FARG_Lcd_Out_row
0x010F	0x3001      	MOVLW      1
0x0110	0x00D3      	MOVWF      FARG_Lcd_Out_column
0x0111	0x303F      	MOVLW      ?lstr3_SensorPIC
0x0112	0x00D4      	MOVWF      FARG_Lcd_Out_text
0x0113	0x20A3      	CALL       _Lcd_Out
;SensorPIC.c,123 :: 		}
L_objectDetection11:
;SensorPIC.c,125 :: 		}
L_end_objectDetection:
0x0114	0x0008      	RETURN
; end of _objectDetection
_pathDetection:
;SensorPIC.c,84 :: 		uint8_t pathDetection(uint8_t* control_signals)
;SensorPIC.c,87 :: 		if((PORTD & (1 << RIGHT_SENSOR_DETECT)) && (PORTD & (1 << LEFT_SENSOR_DETECT)))
0x0115	0x1283      	BCF        STATUS, 5
0x0116	0x1303      	BCF        STATUS, 6
0x0117	0x1D88      	BTFSS      PORTD, 3
0x0118	0x2922      	GOTO       L_pathDetection4
0x0119	0x1D08      	BTFSS      PORTD, 2
0x011A	0x2922      	GOTO       L_pathDetection4
L__pathDetection12:
;SensorPIC.c,89 :: 		UART1_Write(*(control_signals + 3));
0x011B	0x3003      	MOVLW      3
0x011C	0x0751      	ADDWF      FARG_pathDetection_control_signals, 0
0x011D	0x0084      	MOVWF      FSR
0x011E	0x0800      	MOVF       INDF, 0
0x011F	0x00D2      	MOVWF      FARG_UART1_Write_data_
0x0120	0x2071      	CALL       _UART1_Write
;SensorPIC.c,90 :: 		}
0x0121	0x2938      	GOTO       L_pathDetection5
L_pathDetection4:
;SensorPIC.c,91 :: 		else if((PORTD & (1 << RIGHT_SENSOR_DETECT)))
0x0122	0x1D88      	BTFSS      PORTD, 3
0x0123	0x292B      	GOTO       L_pathDetection6
;SensorPIC.c,93 :: 		UART1_Write(*(control_signals + 2));
0x0124	0x3002      	MOVLW      2
0x0125	0x0751      	ADDWF      FARG_pathDetection_control_signals, 0
0x0126	0x0084      	MOVWF      FSR
0x0127	0x0800      	MOVF       INDF, 0
0x0128	0x00D2      	MOVWF      FARG_UART1_Write_data_
0x0129	0x2071      	CALL       _UART1_Write
;SensorPIC.c,94 :: 		}
0x012A	0x2938      	GOTO       L_pathDetection7
L_pathDetection6:
;SensorPIC.c,95 :: 		else if((PORTD & (1 << LEFT_SENSOR_DETECT)))
0x012B	0x1D08      	BTFSS      PORTD, 2
0x012C	0x2933      	GOTO       L_pathDetection8
;SensorPIC.c,97 :: 		UART1_Write(*(control_signals + 1));
0x012D	0x0A51      	INCF       FARG_pathDetection_control_signals, 0
0x012E	0x0084      	MOVWF      FSR
0x012F	0x0800      	MOVF       INDF, 0
0x0130	0x00D2      	MOVWF      FARG_UART1_Write_data_
0x0131	0x2071      	CALL       _UART1_Write
;SensorPIC.c,98 :: 		} else
0x0132	0x2938      	GOTO       L_pathDetection9
L_pathDetection8:
;SensorPIC.c,100 :: 		UART1_Write(*(control_signals));
0x0133	0x0851      	MOVF       FARG_pathDetection_control_signals, 0
0x0134	0x0084      	MOVWF      FSR
0x0135	0x0800      	MOVF       INDF, 0
0x0136	0x00D2      	MOVWF      FARG_UART1_Write_data_
0x0137	0x2071      	CALL       _UART1_Write
;SensorPIC.c,101 :: 		}
L_pathDetection9:
L_pathDetection7:
L_pathDetection5:
;SensorPIC.c,102 :: 		}
L_end_pathDetection:
0x0138	0x0008      	RETURN
; end of _pathDetection
_ADC_Init:
;__Lib_ADC_A_C.c,19 :: 		
;__Lib_ADC_A_C.c,20 :: 		
0x0139	0x30FF      	MOVLW      _ADC_Get_Sample
0x013A	0x1283      	BCF        STATUS, 5
0x013B	0x1303      	BCF        STATUS, 6
0x013C	0x00C9      	MOVWF      _ADC_Get_Sample_Ptr
0x013D	0x30FF      	MOVLW      hi_addr(_ADC_Get_Sample)
0x013E	0x00CA      	MOVWF      _ADC_Get_Sample_Ptr+1
0x013F	0x30FF      	MOVLW      FARG_ADC_Get_Sample_channel
0x0140	0x00CB      	MOVWF      _ADC_Get_Sample_Ptr+2
0x0141	0x30FF      	MOVLW      hi_addr(FARG_ADC_Get_Sample_channel)
;__Lib_ADC_A_C.c,22 :: 		
0x0142	0x019F      	CLRF       ADCON0
;__Lib_ADC_A_C.c,23 :: 		
0x0143	0x30C0      	MOVLW      192
0x0144	0x049F      	IORWF      ADCON0, 1
;__Lib_ADC_A_C.c,24 :: 		
0x0145	0x0920      	COMF       _vref_mask, 0
0x0146	0x00F0      	MOVWF      R0
0x0147	0x0870      	MOVF       R0, 0
0x0148	0x1683      	BSF        STATUS, 5
0x0149	0x059F      	ANDWF      ADCON1, 1
;__Lib_ADC_A_C.c,25 :: 		
0x014A	0x171F      	BSF        ADCON1, 6
;__Lib_ADC_A_C.c,26 :: 		
0x014B	0x179F      	BSF        ADCON1, 7
;__Lib_ADC_A_C.c,29 :: 		
0x014C	0x1283      	BCF        STATUS, 5
0x014D	0x141F      	BSF        ADCON0, 0
;__Lib_ADC_A_C.c,30 :: 		
L_end_ADC_Init:
0x014E	0x0008      	RETURN
; end of _ADC_Init
_Lcd_Init:
;__Lib_Lcd.c,84 :: 		
;__Lib_Lcd.c,86 :: 		
0x014F	0x1683      	BSF        STATUS, 5
0x0150	0x1303      	BCF        STATUS, 6
0x0151	0x1286      	BCF        LCD_EN_Direction, BitPos(LCD_EN_Direction+0)
;__Lib_Lcd.c,87 :: 		
0x0152	0x1206      	BCF        LCD_RS_Direction, BitPos(LCD_RS_Direction+0)
;__Lib_Lcd.c,88 :: 		
0x0153	0x1186      	BCF        LCD_D4_Direction, BitPos(LCD_D4_Direction+0)
;__Lib_Lcd.c,89 :: 		
0x0154	0x1106      	BCF        LCD_D5_Direction, BitPos(LCD_D5_Direction+0)
;__Lib_Lcd.c,90 :: 		
0x0155	0x1086      	BCF        LCD_D6_Direction, BitPos(LCD_D6_Direction+0)
;__Lib_Lcd.c,91 :: 		
0x0156	0x1306      	BCF        LCD_D7_Direction, BitPos(LCD_D7_Direction+0)
;__Lib_Lcd.c,93 :: 		
0x0157	0x1283      	BCF        STATUS, 5
0x0158	0x1286      	BCF        LCD_EN, BitPos(LCD_EN+0)
;__Lib_Lcd.c,94 :: 		
0x0159	0x1206      	BCF        LCD_RS, BitPos(LCD_RS+0)
;__Lib_Lcd.c,95 :: 		
0x015A	0x1306      	BCF        LCD_D7, BitPos(LCD_D7+0)
;__Lib_Lcd.c,96 :: 		
0x015B	0x1086      	BCF        LCD_D6, BitPos(LCD_D6+0)
;__Lib_Lcd.c,97 :: 		
0x015C	0x1106      	BCF        LCD_D5, BitPos(LCD_D5+0)
;__Lib_Lcd.c,98 :: 		
0x015D	0x1186      	BCF        LCD_D4, BitPos(LCD_D4+0)
;__Lib_Lcd.c,100 :: 		
0x015E	0x200A      	CALL       _Delay_5500us
;__Lib_Lcd.c,101 :: 		
0x015F	0x200A      	CALL       _Delay_5500us
;__Lib_Lcd.c,102 :: 		
0x0160	0x200A      	CALL       _Delay_5500us
;__Lib_Lcd.c,105 :: 		
0x0161	0x1506      	BSF        LCD_D5, BitPos(LCD_D5+0)
;__Lib_Lcd.c,106 :: 		
0x0162	0x1586      	BSF        LCD_D4, BitPos(LCD_D4+0)
;__Lib_Lcd.c,107 :: 		
0x0163	0x1686      	BSF        LCD_EN, BitPos(LCD_EN+0)
;__Lib_Lcd.c,108 :: 		
0x0164	0x2017      	CALL       _Delay_1us
;__Lib_Lcd.c,109 :: 		
0x0165	0x1286      	BCF        LCD_EN, BitPos(LCD_EN+0)
;__Lib_Lcd.c,110 :: 		
0x0166	0x200A      	CALL       _Delay_5500us
;__Lib_Lcd.c,112 :: 		
0x0167	0x1686      	BSF        LCD_EN, BitPos(LCD_EN+0)
;__Lib_Lcd.c,113 :: 		
0x0168	0x2017      	CALL       _Delay_1us
;__Lib_Lcd.c,114 :: 		
0x0169	0x1286      	BCF        LCD_EN, BitPos(LCD_EN+0)
;__Lib_Lcd.c,115 :: 		
0x016A	0x200A      	CALL       _Delay_5500us
;__Lib_Lcd.c,117 :: 		
0x016B	0x1686      	BSF        LCD_EN, BitPos(LCD_EN+0)
;__Lib_Lcd.c,118 :: 		
0x016C	0x2017      	CALL       _Delay_1us
;__Lib_Lcd.c,119 :: 		
0x016D	0x1286      	BCF        LCD_EN, BitPos(LCD_EN+0)
;__Lib_Lcd.c,120 :: 		
0x016E	0x200A      	CALL       _Delay_5500us
;__Lib_Lcd.c,123 :: 		
0x016F	0x1186      	BCF        LCD_D4, BitPos(LCD_D4+0)
;__Lib_Lcd.c,124 :: 		
0x0170	0x1686      	BSF        LCD_EN, BitPos(LCD_EN+0)
;__Lib_Lcd.c,125 :: 		
0x0171	0x2017      	CALL       _Delay_1us
;__Lib_Lcd.c,126 :: 		
0x0172	0x1286      	BCF        LCD_EN, BitPos(LCD_EN+0)
;__Lib_Lcd.c,127 :: 		
0x0173	0x200A      	CALL       _Delay_5500us
;__Lib_Lcd.c,130 :: 		
0x0174	0x1686      	BSF        LCD_EN, BitPos(LCD_EN+0)
;__Lib_Lcd.c,131 :: 		
0x0175	0x2017      	CALL       _Delay_1us
;__Lib_Lcd.c,132 :: 		
0x0176	0x1286      	BCF        LCD_EN, BitPos(LCD_EN+0)
;__Lib_Lcd.c,134 :: 		
0x0177	0x1106      	BCF        LCD_D5, BitPos(LCD_D5+0)
;__Lib_Lcd.c,135 :: 		
0x0178	0x1706      	BSF        LCD_D7, BitPos(LCD_D7+0)
;__Lib_Lcd.c,136 :: 		
0x0179	0x1686      	BSF        LCD_EN, BitPos(LCD_EN+0)
;__Lib_Lcd.c,137 :: 		
0x017A	0x2017      	CALL       _Delay_1us
;__Lib_Lcd.c,138 :: 		
0x017B	0x1286      	BCF        LCD_EN, BitPos(LCD_EN+0)
;__Lib_Lcd.c,139 :: 		
0x017C	0x200A      	CALL       _Delay_5500us
;__Lib_Lcd.c,142 :: 		
0x017D	0x1306      	BCF        LCD_D7, BitPos(LCD_D7+0)
;__Lib_Lcd.c,143 :: 		
0x017E	0x1586      	BSF        LCD_D4, BitPos(LCD_D4+0)
;__Lib_Lcd.c,144 :: 		
0x017F	0x1686      	BSF        LCD_EN, BitPos(LCD_EN+0)
;__Lib_Lcd.c,145 :: 		
0x0180	0x2017      	CALL       _Delay_1us
;__Lib_Lcd.c,146 :: 		
0x0181	0x1286      	BCF        LCD_EN, BitPos(LCD_EN+0)
;__Lib_Lcd.c,148 :: 		
0x0182	0x1186      	BCF        LCD_D4, BitPos(LCD_D4+0)
;__Lib_Lcd.c,149 :: 		
0x0183	0x1686      	BSF        LCD_EN, BitPos(LCD_EN+0)
;__Lib_Lcd.c,150 :: 		
0x0184	0x2017      	CALL       _Delay_1us
;__Lib_Lcd.c,151 :: 		
0x0185	0x1286      	BCF        LCD_EN, BitPos(LCD_EN+0)
;__Lib_Lcd.c,152 :: 		
0x0186	0x200A      	CALL       _Delay_5500us
;__Lib_Lcd.c,155 :: 		
0x0187	0x1686      	BSF        LCD_EN, BitPos(LCD_EN+0)
;__Lib_Lcd.c,156 :: 		
0x0188	0x2017      	CALL       _Delay_1us
;__Lib_Lcd.c,157 :: 		
0x0189	0x1286      	BCF        LCD_EN, BitPos(LCD_EN+0)
;__Lib_Lcd.c,159 :: 		
0x018A	0x1586      	BSF        LCD_D4, BitPos(LCD_D4+0)
;__Lib_Lcd.c,160 :: 		
0x018B	0x1686      	BSF        LCD_EN, BitPos(LCD_EN+0)
;__Lib_Lcd.c,161 :: 		
0x018C	0x2017      	CALL       _Delay_1us
;__Lib_Lcd.c,162 :: 		
0x018D	0x1286      	BCF        LCD_EN, BitPos(LCD_EN+0)
;__Lib_Lcd.c,163 :: 		
0x018E	0x200A      	CALL       _Delay_5500us
;__Lib_Lcd.c,166 :: 		
0x018F	0x1186      	BCF        LCD_D4, BitPos(LCD_D4+0)
;__Lib_Lcd.c,167 :: 		
0x0190	0x1686      	BSF        LCD_EN, BitPos(LCD_EN+0)
;__Lib_Lcd.c,168 :: 		
0x0191	0x2017      	CALL       _Delay_1us
;__Lib_Lcd.c,169 :: 		
0x0192	0x1286      	BCF        LCD_EN, BitPos(LCD_EN+0)
;__Lib_Lcd.c,171 :: 		
0x0193	0x1706      	BSF        LCD_D7, BitPos(LCD_D7+0)
;__Lib_Lcd.c,172 :: 		
0x0194	0x1486      	BSF        LCD_D6, BitPos(LCD_D6+0)
;__Lib_Lcd.c,173 :: 		
0x0195	0x1506      	BSF        LCD_D5, BitPos(LCD_D5+0)
;__Lib_Lcd.c,174 :: 		
0x0196	0x1586      	BSF        LCD_D4, BitPos(LCD_D4+0)
;__Lib_Lcd.c,175 :: 		
0x0197	0x1686      	BSF        LCD_EN, BitPos(LCD_EN+0)
;__Lib_Lcd.c,176 :: 		
0x0198	0x2017      	CALL       _Delay_1us
;__Lib_Lcd.c,177 :: 		
0x0199	0x1286      	BCF        LCD_EN, BitPos(LCD_EN+0)
;__Lib_Lcd.c,179 :: 		
0x019A	0x200A      	CALL       _Delay_5500us
;__Lib_Lcd.c,181 :: 		
0x019B	0x144C      	BSF        __Lib_Lcd_cmd_status, BitPos(__Lib_Lcd_cmd_status+0)
;__Lib_Lcd.c,182 :: 		
L_end_Lcd_Init:
0x019C	0x0008      	RETURN
; end of _Lcd_Init
___CC2DW:
;__Lib_System.c,134 :: 		
;__Lib_System.c,137 :: 		
_CC2D_Loop1:
;__Lib_System.c,139 :: 		
0x019D	0x206A      	CALL       _____DoICP
0x019E	0x118A      	BCF        PCLATH, 3
0x019F	0x120A      	BCF        PCLATH, 4
;__Lib_System.c,141 :: 		
0x01A0	0x0080      	MOVWF      INDF
;__Lib_System.c,142 :: 		
0x01A1	0x0A84      	INCF       FSR, 1
;__Lib_System.c,143 :: 		
0x01A2	0x0ACF      	INCF       ___DoICPAddr, 1
;__Lib_System.c,145 :: 		
0x01A3	0x1903      	BTFSC      STATUS, 2
;__Lib_System.c,146 :: 		
0x01A4	0x0AD0      	INCF       ___DoICPAddr+1, 1
;__Lib_System.c,147 :: 		
0x01A5	0x03F0      	DECF       R0, 1
;__Lib_System.c,149 :: 		
0x01A6	0x1D03      	BTFSS      STATUS, 2
;__Lib_System.c,150 :: 		
0x01A7	0x299D      	GOTO       _CC2D_Loop1
;__Lib_System.c,152 :: 		
L_end___CC2DW:
0x01A8	0x0008      	RETURN
; end of ___CC2DW
_UART1_Init:
;__Lib_UART_c67.c,2 :: 		
;__Lib_UART_c67.c,5 :: 		
0x01A9	0x1683      	BSF        STATUS, 5
0x01AA	0x1303      	BCF        STATUS, 6
0x01AB	0x1698      	BSF        TXSTA, 5
;__Lib_UART_c67.c,6 :: 		
0x01AC	0x3090      	MOVLW      144
0x01AD	0x1283      	BCF        STATUS, 5
0x01AE	0x0098      	MOVWF      RCSTA
;__Lib_UART_c67.c,7 :: 		
0x01AF	0x1683      	BSF        STATUS, 5
0x01B0	0x1787      	BSF        TRISC7_bit, BitPos(TRISC7_bit+0)
;__Lib_UART_c67.c,8 :: 		
0x01B1	0x1307      	BCF        TRISC6_bit, BitPos(TRISC6_bit+0)
;__Lib_UART_c67.c,10 :: 		
L_UART1_Init0:
0x01B2	0x1283      	BCF        STATUS, 5
0x01B3	0x1E8C      	BTFSS      PIR1, 5
0x01B4	0x29B8      	GOTO       L_UART1_Init1
;__Lib_UART_c67.c,11 :: 		
0x01B5	0x081A      	MOVF       RCREG, 0
0x01B6	0x00F0      	MOVWF      R0
0x01B7	0x29B2      	GOTO       L_UART1_Init0
L_UART1_Init1:
;__Lib_UART_c67.c,12 :: 		
L_end_UART1_Init:
0x01B8	0x0008      	RETURN
; end of _UART1_Init
_main:
0x01B9	0x220E      	CALL       526
;SensorPIC.c,39 :: 		void main() {
;SensorPIC.c,41 :: 		Lcd_Init();
0x01BA	0x214F      	CALL       _Lcd_Init
;SensorPIC.c,42 :: 		Lcd_Cmd(_LCD_CLEAR);
0x01BB	0x3001      	MOVLW      1
0x01BC	0x00D7      	MOVWF      FARG_Lcd_Cmd_out_char
0x01BD	0x201A      	CALL       _Lcd_Cmd
;SensorPIC.c,43 :: 		Lcd_Cmd(_LCD_CURSOR_OFF);
0x01BE	0x300C      	MOVLW      12
0x01BF	0x00D7      	MOVWF      FARG_Lcd_Cmd_out_char
0x01C0	0x201A      	CALL       _Lcd_Cmd
;SensorPIC.c,44 :: 		Lcd_Out(1, 1, "LawnBot :)");
0x01C1	0x3001      	MOVLW      1
0x01C2	0x00D2      	MOVWF      FARG_Lcd_Out_row
0x01C3	0x3001      	MOVLW      1
0x01C4	0x00D3      	MOVWF      FARG_Lcd_Out_column
0x01C5	0x3034      	MOVLW      ?lstr1_SensorPIC
0x01C6	0x00D4      	MOVWF      FARG_Lcd_Out_text
0x01C7	0x20A3      	CALL       _Lcd_Out
;SensorPIC.c,49 :: 		(1 << SONIC_ECHO_DIRECTION);
0x01C8	0x300E      	MOVLW      14
0x01C9	0x1683      	BSF        STATUS, 5
0x01CA	0x0488      	IORWF      TRISD, 1
;SensorPIC.c,51 :: 		TRISD &= ~(1 << SONIC_TRIGGER_DIRECTION);
0x01CB	0x1008      	BCF        TRISD, 0
;SensorPIC.c,53 :: 		PORTD &= ~(1 << SONIC_TRIGGER_DIRECTION);
0x01CC	0x1283      	BCF        STATUS, 5
0x01CD	0x1008      	BCF        PORTD, 0
;SensorPIC.c,56 :: 		INTCON |= (1 << GIE) | (1 << PEIE) | (1 << INTE);
0x01CE	0x30D0      	MOVLW      208
0x01CF	0x048B      	IORWF      INTCON, 1
;SensorPIC.c,59 :: 		T1CON = 0x10;
0x01D0	0x3010      	MOVLW      16
0x01D1	0x0090      	MOVWF      T1CON
;SensorPIC.c,61 :: 		UART1_Init(9600); // Initialize the UART
0x01D2	0x3033      	MOVLW      51
0x01D3	0x1683      	BSF        STATUS, 5
0x01D4	0x0099      	MOVWF      SPBRG
0x01D5	0x1518      	BSF        TXSTA, 2
0x01D6	0x21A9      	CALL       _UART1_Init
;SensorPIC.c,62 :: 		ADC_Init();
0x01D7	0x2139      	CALL       _ADC_Init
;SensorPIC.c,65 :: 		while(1)
L_main0:
;SensorPIC.c,74 :: 		pathDetection(slaveControlSignals);
0x01D8	0x3021      	MOVLW      main_slaveControlSignals_L1
0x01D9	0x00D1      	MOVWF      FARG_pathDetection_control_signals
0x01DA	0x2115      	CALL       _pathDetection
;SensorPIC.c,75 :: 		objectDetection(slaveControlSignals);
0x01DB	0x3021      	MOVLW      main_slaveControlSignals_L1
0x01DC	0x00D1      	MOVWF      FARG_objectDetection_control_signals
0x01DD	0x20E3      	CALL       _objectDetection
;SensorPIC.c,78 :: 		}
0x01DE	0x29D8      	GOTO       L_main0
;SensorPIC.c,79 :: 		}
L_end_main:
0x01DF	0x29DF      	GOTO       $+0
; end of _main
0x020E	0x3020      	MOVLW      32
0x020F	0x0084      	MOVWF      FSR
0x0210	0x3029      	MOVLW      41
0x0211	0x1283      	BCF        STATUS, 5
0x0212	0x1303      	BCF        STATUS, 6
0x0213	0x00F0      	MOVWF      R0
0x0214	0x30E5      	MOVLW      229
0x0215	0x00CF      	MOVWF      ___DoICPAddr
0x0216	0x3001      	MOVLW      1
0x0217	0x00D0      	MOVWF      80
0x0218	0x219D      	CALL       413
0x0219	0x0008      	RETURN
;__Lib_ADC_A_C.c,0 :: ?ICS_vref_mask
0x01E5	0x340F ;?ICS_vref_mask+0
; end of ?ICS_vref_mask
;SensorPIC.c,0 :: ?ICSmain_slaveControlSignals_L1
0x01E6	0x3400 ;?ICSmain_slaveControlSignals_L1+0
0x01E7	0x3402 ;?ICSmain_slaveControlSignals_L1+1
0x01E8	0x3404 ;?ICSmain_slaveControlSignals_L1+2
0x01E9	0x3412 ;?ICSmain_slaveControlSignals_L1+3
; end of ?ICSmain_slaveControlSignals_L1
;SensorPIC.c,0 :: ?ICS?lstr2_SensorPIC
0x01EA	0x344F ;?ICS?lstr2_SensorPIC+0
0x01EB	0x3462 ;?ICS?lstr2_SensorPIC+1
0x01EC	0x346A ;?ICS?lstr2_SensorPIC+2
0x01ED	0x3465 ;?ICS?lstr2_SensorPIC+3
0x01EE	0x3463 ;?ICS?lstr2_SensorPIC+4
0x01EF	0x3474 ;?ICS?lstr2_SensorPIC+5
0x01F0	0x3420 ;?ICS?lstr2_SensorPIC+6
0x01F1	0x3469 ;?ICS?lstr2_SensorPIC+7
0x01F2	0x346E ;?ICS?lstr2_SensorPIC+8
0x01F3	0x3466 ;?ICS?lstr2_SensorPIC+9
0x01F4	0x3472 ;?ICS?lstr2_SensorPIC+10
0x01F5	0x346F ;?ICS?lstr2_SensorPIC+11
0x01F6	0x346E ;?ICS?lstr2_SensorPIC+12
0x01F7	0x3474 ;?ICS?lstr2_SensorPIC+13
0x01F8	0x3400 ;?ICS?lstr2_SensorPIC+14
; end of ?ICS?lstr2_SensorPIC
;SensorPIC.c,0 :: ?ICS?lstr1_SensorPIC
0x01F9	0x344C ;?ICS?lstr1_SensorPIC+0
0x01FA	0x3461 ;?ICS?lstr1_SensorPIC+1
0x01FB	0x3477 ;?ICS?lstr1_SensorPIC+2
0x01FC	0x346E ;?ICS?lstr1_SensorPIC+3
0x01FD	0x3442 ;?ICS?lstr1_SensorPIC+4
0x01FE	0x346F ;?ICS?lstr1_SensorPIC+5
0x01FF	0x3474 ;?ICS?lstr1_SensorPIC+6
0x0200	0x3420 ;?ICS?lstr1_SensorPIC+7
0x0201	0x343A ;?ICS?lstr1_SensorPIC+8
0x0202	0x3429 ;?ICS?lstr1_SensorPIC+9
0x0203	0x3400 ;?ICS?lstr1_SensorPIC+10
; end of ?ICS?lstr1_SensorPIC
;SensorPIC.c,0 :: ?ICS?lstr3_SensorPIC
0x0204	0x344D ;?ICS?lstr3_SensorPIC+0
0x0205	0x346F ;?ICS?lstr3_SensorPIC+1
0x0206	0x3477 ;?ICS?lstr3_SensorPIC+2
0x0207	0x3469 ;?ICS?lstr3_SensorPIC+3
0x0208	0x346E ;?ICS?lstr3_SensorPIC+4
0x0209	0x3467 ;?ICS?lstr3_SensorPIC+5
0x020A	0x342E ;?ICS?lstr3_SensorPIC+6
0x020B	0x342E ;?ICS?lstr3_SensorPIC+7
0x020C	0x342E ;?ICS?lstr3_SensorPIC+8
0x020D	0x3400 ;?ICS?lstr3_SensorPIC+9
; end of ?ICS?lstr3_SensorPIC
Symbol List:
//** Routines locations **
//ADDRESS    SIZE    PROCEDURE
//----------------------------------------------
0x0003       [7]    _Delay_50us
0x000A      [13]    _Delay_5500us
0x0017       [3]    _Delay_1us
0x001A      [64]    _Lcd_Cmd
0x005A       [8]    _Lcd_Chr_CP
0x0062       [8]    _Delay_22us
0x006A       [7]    _____DoICP
0x0071      [10]    _UART1_Write
0x007B      [40]    _ADC_Read
0x00A3      [64]    _Lcd_Out
0x00E3      [50]    _objectDetection
0x0115      [36]    _pathDetection
0x0139      [22]    _ADC_Init
0x014F      [78]    _Lcd_Init
0x019D      [12]    ___CC2DW
0x01A9      [16]    _UART1_Init
0x01B9      [38]    _main
//** Variables locations ** 
//ADDRESS    SIZE    VARIABLE
//----------------------------------------------
0x0000       [1]    INDF
0x0002       [1]    PCL
0x0003       [1]    STATUS
0x0004       [1]    FSR
0x0006       [0]    LCD_D4
0x0006       [0]    LCD_D5
0x0006       [0]    RB5_bit
0x0006       [0]    RB6_bit
0x0006       [0]    LCD_RS
0x0006       [0]    LCD_EN
0x0006       [0]    LCD_D6
0x0006       [0]    LCD_D7
0x0006       [0]    RB3_bit
0x0006       [0]    RB2_bit
0x0006       [0]    RB4_bit
0x0006       [0]    RB1_bit
0x0008       [1]    PORTD
0x000A       [1]    PCLATH
0x000B       [1]    INTCON
0x000C       [1]    PIR1
0x0010       [1]    T1CON
0x0018       [1]    RCSTA
0x0019       [1]    TXREG
0x001A       [1]    RCREG
0x001E       [1]    ADRESH
0x001F       [1]    ADCON0
0x0020       [1]    _vref_mask
0x0021       [4]    main_slaveControlSignals_L1
0x0025      [15]    ?lstr2_SensorPIC
0x0034      [11]    ?lstr1_SensorPIC
0x003F      [10]    ?lstr3_SensorPIC
0x0049       [3]    _ADC_Get_Sample_Ptr
0x004C       [0]    __Lib_Lcd_cmd_status
0x004D       [2]    objectDetection_sample_L0
0x004F       [2]    ___DoICPAddr
0x0051       [1]    FARG_objectDetection_control_signals
0x0051       [1]    FARG_pathDetection_control_signals
0x0052       [1]    FARG_UART1_Write_data_
0x0052       [1]    FARG_ADC_Read_channel
0x0052       [1]    FARG_Lcd_Out_row
0x0053       [1]    FARG_Lcd_Out_column
0x0054       [1]    FARG_Lcd_Out_text
0x0055       [1]    Lcd_Out_i_L0
0x0056       [1]    FARG_Lcd_Chr_CP_out_char
0x0057       [1]    FARG_Lcd_Cmd_out_char
0x0070       [1]    R0
0x0071       [1]    R1
0x0072       [1]    R2
0x0073       [1]    R3
0x0074       [1]    R4
0x0075       [1]    R5
0x0076       [1]    R6
0x0077       [1]    R7
0x0078       [1]    R8
0x0079       [1]    R9
0x007A       [1]    R10
0x007B       [1]    R11
0x007C       [1]    R12
0x007D       [1]    R13
0x007E       [1]    R14
0x007F       [1]    R15
0x0086       [0]    LCD_EN_Direction
0x0086       [0]    TRISB3_bit
0x0086       [0]    TRISB4_bit
0x0086       [0]    LCD_D7_Direction
0x0086       [0]    TRISB2_bit
0x0086       [0]    TRISB1_bit
0x0086       [0]    TRISB5_bit
0x0086       [0]    LCD_D6_Direction
0x0086       [0]    LCD_D5_Direction
0x0086       [0]    LCD_D4_Direction
0x0086       [0]    TRISB6_bit
0x0086       [0]    LCD_RS_Direction
0x0087       [0]    TRISC6_bit
0x0087       [0]    TRISC7_bit
0x0088       [1]    TRISD
0x0098       [1]    TXSTA
0x0099       [1]    SPBRG
0x009E       [1]    ADRESL
0x009F       [1]    ADCON1
//** Constants locations ** 
//ADDRESS    SIZE    CONSTANT
//----------------------------------------------
0x01E5       [1]    ?ICS_vref_mask
0x01E6       [4]    ?ICSmain_slaveControlSignals_L1
0x01EA      [15]    ?ICS?lstr2_SensorPIC
0x01F9      [11]    ?ICS?lstr1_SensorPIC
0x0204      [10]    ?ICS?lstr3_SensorPIC
